2023-12-14 18:25:58 DEBUG TelegramBot:30 - /start
2023-12-14 18:29:54 DEBUG TelegramBot:30 - /start
2023-12-14 18:33:59 DEBUG TelegramBot:32 - /start
2023-12-14 18:34:15 DEBUG TelegramBot:32 - /start
2023-12-14 18:36:00 DEBUG TelegramBot:32 - fgfg
2023-12-14 18:36:05 DEBUG TelegramBot:32 - nhhh
2023-12-14 18:36:42 DEBUG TelegramBot:32 - 1
2023-12-14 18:36:49 DEBUG TelegramBot:32 - jii
2023-12-14 20:26:02 DEBUG UpdateProducerImpl:13 - hello
2023-12-14 20:27:33 DEBUG UpdateProducerImpl:13 - hello
2023-12-14 20:28:41 ERROR UpdateController:38 - Unsupported message type is received Update(updateId=800680716, message=null, inlineQuery=null, chosenInlineQuery=null, callbackQuery=null, editedMessage=Message(messageId=41, from=User(id=707048267, firstName=Albina, isBot=false, lastName=null, userName=olbenka, languageCode=ru, canJoinGroups=null, canReadAllGroupMessages=null, supportInlineQueries=null, isPremium=null, addedToAttachmentMenu=null), date=1702574854, chat=Chat(id=707048267, type=private, title=null, firstName=Albina, lastName=null, userName=olbenka, photo=null, description=null, inviteLink=null, pinnedMessage=null, stickerSetName=null, canSetStickerSet=null, permissions=null, slowModeDelay=null, bio=null, linkedChatId=null, location=null, messageAutoDeleteTime=null, hasPrivateForwards=null, HasProtectedContent=null, joinToSendMessages=null, joinByRequest=null), forwardFrom=null, forwardFromChat=null, forwardDate=null, text=hello2, entities=null, captionEntities=null, audio=null, document=null, photo=null, sticker=null, video=null, contact=null, location=null, venue=null, animation=null, pinnedMessage=null, newChatMembers=[], leftChatMember=null, newChatTitle=null, newChatPhoto=null, deleteChatPhoto=null, groupchatCreated=null, replyToMessage=null, voice=null, caption=null, superGroupCreated=null, channelChatCreated=null, migrateToChatId=null, migrateFromChatId=null, editDate=1702574924, game=null, forwardFromMessageId=null, invoice=null, successfulPayment=null, videoNote=null, authorSignature=null, forwardSignature=null, mediaGroupId=null, connectedWebsite=null, passportData=null, forwardSenderName=null, poll=null, replyMarkup=null, dice=null, viaBot=null, senderChat=null, proximityAlertTriggered=null, messageAutoDeleteTimerChanged=null, isAutomaticForward=null, hasProtectedContent=null, webAppData=null, videoChatStarted=null, videoChatEnded=null, videoChatParticipantsInvited=null, videoChatScheduled=null), channelPost=null, editedChannelPost=null, shippingQuery=null, preCheckoutQuery=null, poll=null, pollAnswer=null, myChatMember=null, chatMember=null, chatJoinRequest=null)
2023-12-14 20:29:08 DEBUG UpdateProducerImpl:13 - 
2023-12-14 20:29:21 DEBUG UpdateProducerImpl:13 - 
2023-12-15 03:00:10 DEBUG UpdateProducerImpl:20 - help
2023-12-15 03:01:26 DEBUG UpdateProducerImpl:20 - aaa
2023-12-15 22:54:57 DEBUG UpdateProducerImpl:20 - hello chat
2023-12-15 22:55:32 DEBUG UpdateProducerImpl:20 - aaa
2023-12-15 22:56:35 DEBUG UpdateProducerImpl:20 - вау
2023-12-16 01:59:22 DEBUG UpdateProducerImpl:20 - helllooo
2023-12-16 02:01:42 DEBUG UpdateProducerImpl:20 - рш
2023-12-16 02:02:03 DEBUG UpdateProducerImpl:20 - фдддщ
2023-12-16 02:03:39 DEBUG UpdateProducerImpl:20 - ффф
2023-12-16 02:05:35 DEBUG UpdateProducerImpl:20 - ааа
2023-12-16 02:06:27 DEBUG UpdateProducerImpl:20 - ффф
2023-12-16 02:13:31 DEBUG UpdateProducerImpl:20 - aaa
2023-12-16 02:16:08 DEBUG UpdateProducerImpl:20 - ggg
2023-12-16 02:22:22 DEBUG UpdateProducerImpl:20 - fff
2023-12-16 02:23:22 DEBUG UpdateProducerImpl:20 - aaa
2023-12-16 02:27:21 DEBUG UpdateProducerImpl:20 - first word
2023-12-16 18:32:30 DEBUG UpdateProducerImpl:20 - а
2023-12-16 18:33:43 DEBUG UpdateProducerImpl:20 - /start
2023-12-16 18:33:48 DEBUG UpdateProducerImpl:20 - приветик
2023-12-16 18:34:25 DEBUG UpdateProducerImpl:20 - альбина крутышка самая умная и красивая
2023-12-16 18:34:29 DEBUG UpdateProducerImpl:20 - у нее все получится
2023-12-16 18:34:41 DEBUG UpdateProducerImpl:20 - ты ему слово а он тебе Hello from NODE
2023-12-16 18:40:28 DEBUG UpdateProducerImpl:20 - сообщение
2023-12-16 19:28:40 ERROR UpdateController:38 - Unsupported message type is received Update(updateId=800680742, message=null, inlineQuery=null, chosenInlineQuery=null, callbackQuery=null, editedMessage=null, channelPost=null, editedChannelPost=null, shippingQuery=null, preCheckoutQuery=null, poll=null, pollAnswer=null, myChatMember=ChatMemberUpdated(chat=Chat(id=707048267, type=private, title=null, firstName=Albina, lastName=null, userName=olbenka, photo=null, description=null, inviteLink=null, pinnedMessage=null, stickerSetName=null, canSetStickerSet=null, permissions=null, slowModeDelay=null, bio=null, linkedChatId=null, location=null, messageAutoDeleteTime=null, hasPrivateForwards=null, HasProtectedContent=null, joinToSendMessages=null, joinByRequest=null), from=User(id=707048267, firstName=Albina, isBot=false, lastName=null, userName=olbenka, languageCode=ru, canJoinGroups=null, canReadAllGroupMessages=null, supportInlineQueries=null, isPremium=null, addedToAttachmentMenu=null), date=1702744120, oldChatMember=ChatMemberMember(status=member, user=User(id=6718910663, firstName=Аптечка, isBot=true, lastName=null, userName=firstAidKitInfoBot, languageCode=null, canJoinGroups=null, canReadAllGroupMessages=null, supportInlineQueries=null, isPremium=null, addedToAttachmentMenu=null)), newChatMember=ChatMemberBanned(status=kicked, user=User(id=6718910663, firstName=Аптечка, isBot=true, lastName=null, userName=firstAidKitInfoBot, languageCode=null, canJoinGroups=null, canReadAllGroupMessages=null, supportInlineQueries=null, isPremium=null, addedToAttachmentMenu=null), untilDate=0), inviteLink=null), chatMember=null, chatJoinRequest=null)
2023-12-16 19:28:45 ERROR UpdateController:38 - Unsupported message type is received Update(updateId=800680743, message=null, inlineQuery=null, chosenInlineQuery=null, callbackQuery=null, editedMessage=null, channelPost=null, editedChannelPost=null, shippingQuery=null, preCheckoutQuery=null, poll=null, pollAnswer=null, myChatMember=ChatMemberUpdated(chat=Chat(id=707048267, type=private, title=null, firstName=Albina, lastName=null, userName=olbenka, photo=null, description=null, inviteLink=null, pinnedMessage=null, stickerSetName=null, canSetStickerSet=null, permissions=null, slowModeDelay=null, bio=null, linkedChatId=null, location=null, messageAutoDeleteTime=null, hasPrivateForwards=null, HasProtectedContent=null, joinToSendMessages=null, joinByRequest=null), from=User(id=707048267, firstName=Albina, isBot=false, lastName=null, userName=olbenka, languageCode=ru, canJoinGroups=null, canReadAllGroupMessages=null, supportInlineQueries=null, isPremium=null, addedToAttachmentMenu=null), date=1702744125, oldChatMember=ChatMemberBanned(status=kicked, user=User(id=6718910663, firstName=Аптечка, isBot=true, lastName=null, userName=firstAidKitInfoBot, languageCode=null, canJoinGroups=null, canReadAllGroupMessages=null, supportInlineQueries=null, isPremium=null, addedToAttachmentMenu=null), untilDate=0), newChatMember=ChatMemberMember(status=member, user=User(id=6718910663, firstName=Аптечка, isBot=true, lastName=null, userName=firstAidKitInfoBot, languageCode=null, canJoinGroups=null, canReadAllGroupMessages=null, supportInlineQueries=null, isPremium=null, addedToAttachmentMenu=null)), inviteLink=null), chatMember=null, chatJoinRequest=null)
2023-12-16 19:28:45 DEBUG UpdateProducerImpl:20 - /start
2023-12-16 19:40:54 ERROR UpdateController:38 - Unsupported message type is received Update(updateId=800680745, message=null, inlineQuery=null, chosenInlineQuery=null, callbackQuery=null, editedMessage=null, channelPost=null, editedChannelPost=null, shippingQuery=null, preCheckoutQuery=null, poll=null, pollAnswer=null, myChatMember=ChatMemberUpdated(chat=Chat(id=707048267, type=private, title=null, firstName=Albina, lastName=null, userName=olbenka, photo=null, description=null, inviteLink=null, pinnedMessage=null, stickerSetName=null, canSetStickerSet=null, permissions=null, slowModeDelay=null, bio=null, linkedChatId=null, location=null, messageAutoDeleteTime=null, hasPrivateForwards=null, HasProtectedContent=null, joinToSendMessages=null, joinByRequest=null), from=User(id=707048267, firstName=Albina, isBot=false, lastName=null, userName=olbenka, languageCode=ru, canJoinGroups=null, canReadAllGroupMessages=null, supportInlineQueries=null, isPremium=null, addedToAttachmentMenu=null), date=1702744853, oldChatMember=ChatMemberMember(status=member, user=User(id=6718910663, firstName=Аптечка, isBot=true, lastName=null, userName=firstAidKitInfoBot, languageCode=null, canJoinGroups=null, canReadAllGroupMessages=null, supportInlineQueries=null, isPremium=null, addedToAttachmentMenu=null)), newChatMember=ChatMemberBanned(status=kicked, user=User(id=6718910663, firstName=Аптечка, isBot=true, lastName=null, userName=firstAidKitInfoBot, languageCode=null, canJoinGroups=null, canReadAllGroupMessages=null, supportInlineQueries=null, isPremium=null, addedToAttachmentMenu=null), untilDate=0), inviteLink=null), chatMember=null, chatJoinRequest=null)
2023-12-16 19:40:56 ERROR UpdateController:38 - Unsupported message type is received Update(updateId=800680746, message=null, inlineQuery=null, chosenInlineQuery=null, callbackQuery=null, editedMessage=null, channelPost=null, editedChannelPost=null, shippingQuery=null, preCheckoutQuery=null, poll=null, pollAnswer=null, myChatMember=ChatMemberUpdated(chat=Chat(id=707048267, type=private, title=null, firstName=Albina, lastName=null, userName=olbenka, photo=null, description=null, inviteLink=null, pinnedMessage=null, stickerSetName=null, canSetStickerSet=null, permissions=null, slowModeDelay=null, bio=null, linkedChatId=null, location=null, messageAutoDeleteTime=null, hasPrivateForwards=null, HasProtectedContent=null, joinToSendMessages=null, joinByRequest=null), from=User(id=707048267, firstName=Albina, isBot=false, lastName=null, userName=olbenka, languageCode=ru, canJoinGroups=null, canReadAllGroupMessages=null, supportInlineQueries=null, isPremium=null, addedToAttachmentMenu=null), date=1702744856, oldChatMember=ChatMemberBanned(status=kicked, user=User(id=6718910663, firstName=Аптечка, isBot=true, lastName=null, userName=firstAidKitInfoBot, languageCode=null, canJoinGroups=null, canReadAllGroupMessages=null, supportInlineQueries=null, isPremium=null, addedToAttachmentMenu=null), untilDate=0), newChatMember=ChatMemberMember(status=member, user=User(id=6718910663, firstName=Аптечка, isBot=true, lastName=null, userName=firstAidKitInfoBot, languageCode=null, canJoinGroups=null, canReadAllGroupMessages=null, supportInlineQueries=null, isPremium=null, addedToAttachmentMenu=null)), inviteLink=null), chatMember=null, chatJoinRequest=null)
2023-12-16 19:40:56 DEBUG UpdateProducerImpl:20 - /start
2023-12-16 19:44:24 ERROR UpdateController:38 - Unsupported message type is received Update(updateId=800680748, message=null, inlineQuery=null, chosenInlineQuery=null, callbackQuery=null, editedMessage=null, channelPost=null, editedChannelPost=null, shippingQuery=null, preCheckoutQuery=null, poll=null, pollAnswer=null, myChatMember=ChatMemberUpdated(chat=Chat(id=707048267, type=private, title=null, firstName=Albina, lastName=null, userName=olbenka, photo=null, description=null, inviteLink=null, pinnedMessage=null, stickerSetName=null, canSetStickerSet=null, permissions=null, slowModeDelay=null, bio=null, linkedChatId=null, location=null, messageAutoDeleteTime=null, hasPrivateForwards=null, HasProtectedContent=null, joinToSendMessages=null, joinByRequest=null), from=User(id=707048267, firstName=Albina, isBot=false, lastName=null, userName=olbenka, languageCode=ru, canJoinGroups=null, canReadAllGroupMessages=null, supportInlineQueries=null, isPremium=null, addedToAttachmentMenu=null), date=1702745064, oldChatMember=ChatMemberMember(status=member, user=User(id=6718910663, firstName=Аптечка, isBot=true, lastName=null, userName=firstAidKitInfoBot, languageCode=null, canJoinGroups=null, canReadAllGroupMessages=null, supportInlineQueries=null, isPremium=null, addedToAttachmentMenu=null)), newChatMember=ChatMemberBanned(status=kicked, user=User(id=6718910663, firstName=Аптечка, isBot=true, lastName=null, userName=firstAidKitInfoBot, languageCode=null, canJoinGroups=null, canReadAllGroupMessages=null, supportInlineQueries=null, isPremium=null, addedToAttachmentMenu=null), untilDate=0), inviteLink=null), chatMember=null, chatJoinRequest=null)
2023-12-16 19:44:26 ERROR UpdateController:38 - Unsupported message type is received Update(updateId=800680749, message=null, inlineQuery=null, chosenInlineQuery=null, callbackQuery=null, editedMessage=null, channelPost=null, editedChannelPost=null, shippingQuery=null, preCheckoutQuery=null, poll=null, pollAnswer=null, myChatMember=ChatMemberUpdated(chat=Chat(id=707048267, type=private, title=null, firstName=Albina, lastName=null, userName=olbenka, photo=null, description=null, inviteLink=null, pinnedMessage=null, stickerSetName=null, canSetStickerSet=null, permissions=null, slowModeDelay=null, bio=null, linkedChatId=null, location=null, messageAutoDeleteTime=null, hasPrivateForwards=null, HasProtectedContent=null, joinToSendMessages=null, joinByRequest=null), from=User(id=707048267, firstName=Albina, isBot=false, lastName=null, userName=olbenka, languageCode=ru, canJoinGroups=null, canReadAllGroupMessages=null, supportInlineQueries=null, isPremium=null, addedToAttachmentMenu=null), date=1702745065, oldChatMember=ChatMemberBanned(status=kicked, user=User(id=6718910663, firstName=Аптечка, isBot=true, lastName=null, userName=firstAidKitInfoBot, languageCode=null, canJoinGroups=null, canReadAllGroupMessages=null, supportInlineQueries=null, isPremium=null, addedToAttachmentMenu=null), untilDate=0), newChatMember=ChatMemberMember(status=member, user=User(id=6718910663, firstName=Аптечка, isBot=true, lastName=null, userName=firstAidKitInfoBot, languageCode=null, canJoinGroups=null, canReadAllGroupMessages=null, supportInlineQueries=null, isPremium=null, addedToAttachmentMenu=null)), inviteLink=null), chatMember=null, chatJoinRequest=null)
2023-12-16 19:44:26 DEBUG UpdateProducerImpl:20 - /start
2023-12-16 19:44:32 DEBUG UpdateProducerImpl:20 - /help
2023-12-16 19:44:34 DEBUG UpdateProducerImpl:20 - /registration
2023-12-16 19:44:35 DEBUG UpdateProducerImpl:20 - /cancel
2023-12-16 19:44:43 DEBUG UpdateProducerImpl:20 - hj
2023-12-16 19:45:07 DEBUG UpdateProducerImpl:20 - 
2023-12-16 23:35:46 DEBUG UpdateProducerImpl:20 - привет
2023-12-16 23:35:48 DEBUG UpdateProducerImpl:20 - /help
2023-12-16 23:35:57 DEBUG UpdateProducerImpl:20 - /registration
2023-12-16 23:35:59 DEBUG UpdateProducerImpl:20 - /cancel
2023-12-16 23:36:16 DEBUG UpdateProducerImpl:20 - 
2023-12-16 23:37:33 DEBUG UpdateProducerImpl:20 - 
2023-12-16 23:43:37 DEBUG UpdateProducerImpl:20 - 
2023-12-16 23:45:37 DEBUG UpdateProducerImpl:20 - 
2023-12-16 23:47:27 DEBUG UpdateProducerImpl:20 - 
2023-12-17 00:05:27 ERROR UpdateController:38 - Unsupported message type is received Update(updateId=800680765, message=null, inlineQuery=null, chosenInlineQuery=null, callbackQuery=null, editedMessage=null, channelPost=null, editedChannelPost=null, shippingQuery=null, preCheckoutQuery=null, poll=null, pollAnswer=null, myChatMember=ChatMemberUpdated(chat=Chat(id=707048267, type=private, title=null, firstName=Albina, lastName=null, userName=olbenka, photo=null, description=null, inviteLink=null, pinnedMessage=null, stickerSetName=null, canSetStickerSet=null, permissions=null, slowModeDelay=null, bio=null, linkedChatId=null, location=null, messageAutoDeleteTime=null, hasPrivateForwards=null, HasProtectedContent=null, joinToSendMessages=null, joinByRequest=null), from=User(id=707048267, firstName=Albina, isBot=false, lastName=null, userName=olbenka, languageCode=ru, canJoinGroups=null, canReadAllGroupMessages=null, supportInlineQueries=null, isPremium=null, addedToAttachmentMenu=null), date=1702760726, oldChatMember=ChatMemberMember(status=member, user=User(id=6718910663, firstName=Аптечка, isBot=true, lastName=null, userName=firstAidKitInfoBot, languageCode=null, canJoinGroups=null, canReadAllGroupMessages=null, supportInlineQueries=null, isPremium=null, addedToAttachmentMenu=null)), newChatMember=ChatMemberBanned(status=kicked, user=User(id=6718910663, firstName=Аптечка, isBot=true, lastName=null, userName=firstAidKitInfoBot, languageCode=null, canJoinGroups=null, canReadAllGroupMessages=null, supportInlineQueries=null, isPremium=null, addedToAttachmentMenu=null), untilDate=0), inviteLink=null), chatMember=null, chatJoinRequest=null)
2023-12-17 00:05:28 ERROR UpdateController:38 - Unsupported message type is received Update(updateId=800680766, message=null, inlineQuery=null, chosenInlineQuery=null, callbackQuery=null, editedMessage=null, channelPost=null, editedChannelPost=null, shippingQuery=null, preCheckoutQuery=null, poll=null, pollAnswer=null, myChatMember=ChatMemberUpdated(chat=Chat(id=707048267, type=private, title=null, firstName=Albina, lastName=null, userName=olbenka, photo=null, description=null, inviteLink=null, pinnedMessage=null, stickerSetName=null, canSetStickerSet=null, permissions=null, slowModeDelay=null, bio=null, linkedChatId=null, location=null, messageAutoDeleteTime=null, hasPrivateForwards=null, HasProtectedContent=null, joinToSendMessages=null, joinByRequest=null), from=User(id=707048267, firstName=Albina, isBot=false, lastName=null, userName=olbenka, languageCode=ru, canJoinGroups=null, canReadAllGroupMessages=null, supportInlineQueries=null, isPremium=null, addedToAttachmentMenu=null), date=1702760728, oldChatMember=ChatMemberBanned(status=kicked, user=User(id=6718910663, firstName=Аптечка, isBot=true, lastName=null, userName=firstAidKitInfoBot, languageCode=null, canJoinGroups=null, canReadAllGroupMessages=null, supportInlineQueries=null, isPremium=null, addedToAttachmentMenu=null), untilDate=0), newChatMember=ChatMemberMember(status=member, user=User(id=6718910663, firstName=Аптечка, isBot=true, lastName=null, userName=firstAidKitInfoBot, languageCode=null, canJoinGroups=null, canReadAllGroupMessages=null, supportInlineQueries=null, isPremium=null, addedToAttachmentMenu=null)), inviteLink=null), chatMember=null, chatJoinRequest=null)
2023-12-17 00:05:28 DEBUG UpdateProducerImpl:20 - /start
2023-12-17 00:05:38 DEBUG UpdateProducerImpl:20 - 
2023-12-17 00:13:46 DEBUG UpdateProducerImpl:20 - 
2023-12-17 00:34:47 DEBUG UpdateProducerImpl:20 - 
2023-12-17 00:37:25 ERROR UpdateController:38 - Unsupported message type is received Update(updateId=800680771, message=null, inlineQuery=null, chosenInlineQuery=null, callbackQuery=null, editedMessage=null, channelPost=null, editedChannelPost=null, shippingQuery=null, preCheckoutQuery=null, poll=null, pollAnswer=null, myChatMember=ChatMemberUpdated(chat=Chat(id=707048267, type=private, title=null, firstName=Albina, lastName=null, userName=olbenka, photo=null, description=null, inviteLink=null, pinnedMessage=null, stickerSetName=null, canSetStickerSet=null, permissions=null, slowModeDelay=null, bio=null, linkedChatId=null, location=null, messageAutoDeleteTime=null, hasPrivateForwards=null, HasProtectedContent=null, joinToSendMessages=null, joinByRequest=null), from=User(id=707048267, firstName=Albina, isBot=false, lastName=null, userName=olbenka, languageCode=ru, canJoinGroups=null, canReadAllGroupMessages=null, supportInlineQueries=null, isPremium=null, addedToAttachmentMenu=null), date=1702762645, oldChatMember=ChatMemberMember(status=member, user=User(id=6718910663, firstName=Аптечка, isBot=true, lastName=null, userName=firstAidKitInfoBot, languageCode=null, canJoinGroups=null, canReadAllGroupMessages=null, supportInlineQueries=null, isPremium=null, addedToAttachmentMenu=null)), newChatMember=ChatMemberBanned(status=kicked, user=User(id=6718910663, firstName=Аптечка, isBot=true, lastName=null, userName=firstAidKitInfoBot, languageCode=null, canJoinGroups=null, canReadAllGroupMessages=null, supportInlineQueries=null, isPremium=null, addedToAttachmentMenu=null), untilDate=0), inviteLink=null), chatMember=null, chatJoinRequest=null)
2023-12-17 00:37:41 ERROR UpdateController:38 - Unsupported message type is received Update(updateId=800680772, message=null, inlineQuery=null, chosenInlineQuery=null, callbackQuery=null, editedMessage=null, channelPost=null, editedChannelPost=null, shippingQuery=null, preCheckoutQuery=null, poll=null, pollAnswer=null, myChatMember=ChatMemberUpdated(chat=Chat(id=707048267, type=private, title=null, firstName=Albina, lastName=null, userName=olbenka, photo=null, description=null, inviteLink=null, pinnedMessage=null, stickerSetName=null, canSetStickerSet=null, permissions=null, slowModeDelay=null, bio=null, linkedChatId=null, location=null, messageAutoDeleteTime=null, hasPrivateForwards=null, HasProtectedContent=null, joinToSendMessages=null, joinByRequest=null), from=User(id=707048267, firstName=Albina, isBot=false, lastName=null, userName=olbenka, languageCode=ru, canJoinGroups=null, canReadAllGroupMessages=null, supportInlineQueries=null, isPremium=null, addedToAttachmentMenu=null), date=1702762661, oldChatMember=ChatMemberBanned(status=kicked, user=User(id=6718910663, firstName=Аптечка, isBot=true, lastName=null, userName=firstAidKitInfoBot, languageCode=null, canJoinGroups=null, canReadAllGroupMessages=null, supportInlineQueries=null, isPremium=null, addedToAttachmentMenu=null), untilDate=0), newChatMember=ChatMemberMember(status=member, user=User(id=6718910663, firstName=Аптечка, isBot=true, lastName=null, userName=firstAidKitInfoBot, languageCode=null, canJoinGroups=null, canReadAllGroupMessages=null, supportInlineQueries=null, isPremium=null, addedToAttachmentMenu=null)), inviteLink=null), chatMember=null, chatJoinRequest=null)
2023-12-17 00:37:41 DEBUG UpdateProducerImpl:20 - /start
2023-12-17 02:32:53 DEBUG UpdateProducerImpl:20 - 
2023-12-17 03:37:24 DEBUG UpdateProducerImpl:20 - 
2023-12-17 03:38:53 DEBUG UpdateProducerImpl:20 - 
2023-12-17 03:39:56 DEBUG UpdateProducerImpl:20 - 
2023-12-17 03:41:56 DEBUG UpdateProducerImpl:20 - 
2023-12-17 17:59:11 DEBUG UpdateProducerImpl:20 - 
2023-12-17 18:00:39 DEBUG UpdateProducerImpl:20 - 
2023-12-17 18:07:53 DEBUG UpdateProducerImpl:20 - 
2023-12-17 23:13:23 DEBUG UpdateProducerImpl:20 - 
2023-12-17 23:13:46 DEBUG UpdateProducerImpl:20 - /help
2023-12-17 23:13:49 DEBUG UpdateProducerImpl:20 - /registration
2023-12-17 23:13:59 DEBUG UpdateProducerImpl:20 - aaaa
2023-12-17 23:15:20 DEBUG UpdateProducerImpl:20 - molalod296@avucon.com
2023-12-17 23:15:44 DEBUG UpdateProducerImpl:20 - /registration
2023-12-17 23:16:22 DEBUG UpdateProducerImpl:20 - 
2023-12-17 23:19:30 DEBUG UpdateProducerImpl:20 - /start
2023-12-17 23:19:33 DEBUG UpdateProducerImpl:20 - /help
2023-12-17 23:19:35 DEBUG UpdateProducerImpl:20 - /registration
2023-12-17 23:19:37 DEBUG UpdateProducerImpl:20 - /registration
2023-12-17 23:20:17 DEBUG UpdateProducerImpl:20 - /start
2023-12-17 23:20:18 DEBUG UpdateProducerImpl:20 - /help
2023-12-17 23:20:37 DEBUG UpdateProducerImpl:20 - /registration
2023-12-17 23:21:17 DEBUG UpdateProducerImpl:20 - molalod296@avucon.com
2023-12-17 23:21:26 DEBUG UpdateProducerImpl:20 - molalod296@avucon.com
2023-12-17 23:21:45 DEBUG UpdateProducerImpl:20 - /registration
2023-12-17 23:25:49 DEBUG UpdateProducerImpl:20 - привет
2023-12-17 23:25:52 DEBUG UpdateProducerImpl:20 - /help
2023-12-17 23:25:55 DEBUG UpdateProducerImpl:20 - /registration
2023-12-17 23:26:04 DEBUG UpdateProducerImpl:20 - polina-podlesnaya@mail.ru
2023-12-17 23:26:13 DEBUG UpdateProducerImpl:20 - /start
2023-12-17 23:26:16 DEBUG UpdateProducerImpl:20 - /help
2023-12-17 23:26:19 DEBUG UpdateProducerImpl:20 - /registration
2023-12-17 23:26:29 DEBUG UpdateProducerImpl:20 - liza.1610@mail.ru
2023-12-17 23:27:13 DEBUG UpdateProducerImpl:20 - 
2023-12-17 23:27:47 DEBUG UpdateProducerImpl:20 - 
2023-12-17 23:27:56 DEBUG UpdateProducerImpl:20 - 
2023-12-17 23:28:59 DEBUG UpdateProducerImpl:20 - Обработайся...
2023-12-17 23:29:02 DEBUG UpdateProducerImpl:20 - /help
2023-12-17 23:29:03 DEBUG UpdateProducerImpl:20 - /cancel
2023-12-17 23:29:16 DEBUG UpdateProducerImpl:20 - 
2023-12-17 23:29:22 DEBUG UpdateProducerImpl:20 - 
2023-12-18 00:26:27 DEBUG UpdateProducerImpl:20 - /registration
2023-12-18 00:27:23 DEBUG UpdateProducerImpl:20 - ввв
2023-12-18 00:27:25 DEBUG UpdateProducerImpl:20 - ввв
2023-12-18 00:27:28 DEBUG UpdateProducerImpl:20 - фффф
2023-12-18 00:27:46 DEBUG UpdateProducerImpl:20 - /cancel
2023-12-18 00:28:09 DEBUG UpdateProducerImpl:20 - /help
2023-12-18 00:28:11 DEBUG UpdateProducerImpl:20 - /registration
2023-12-18 00:28:44 DEBUG UpdateProducerImpl:20 - molalod296@avucon.com
2023-12-18 00:56:28 DEBUG UpdateProducerImpl:20 - 
2023-12-18 00:56:58 DEBUG UpdateProducerImpl:20 - 
2023-12-18 00:57:23 DEBUG UpdateProducerImpl:20 - /registration
2023-12-18 02:31:38 DEBUG UpdateProducerImpl:20 - /help
2023-12-18 02:31:49 DEBUG UpdateProducerImpl:20 - /add
2023-12-18 02:55:26 DEBUG UpdateProducerImpl:20 - арбидол
2023-12-18 03:02:59 DEBUG UpdateProducerImpl:20 - /registration
2023-12-18 03:03:40 DEBUG UpdateProducerImpl:20 - albinacneg55@gmail.com
2023-12-18 03:07:30 DEBUG UpdateProducerImpl:20 - /registration
2023-12-18 03:07:39 DEBUG UpdateProducerImpl:20 - /registration
2023-12-18 03:07:49 DEBUG UpdateProducerImpl:20 - molalod296@avucon.com
2023-12-18 03:09:18 DEBUG UpdateProducerImpl:20 - /add
2023-12-18 03:09:45 DEBUG UpdateProducerImpl:20 - арбидол
2023-12-18 03:16:31 DEBUG UpdateProducerImpl:20 - /registration
2023-12-18 03:16:37 DEBUG UpdateProducerImpl:20 - molalod296@avucon.com
2023-12-18 03:16:45 DEBUG UpdateProducerImpl:20 - Medication medication = new Medication();
2023-12-18 03:16:52 DEBUG UpdateProducerImpl:20 - molalod296@avucon.com
2023-12-18 03:17:29 DEBUG UpdateProducerImpl:20 - /help
2023-12-18 03:17:31 DEBUG UpdateProducerImpl:20 - /registration
2023-12-18 03:18:21 DEBUG UpdateProducerImpl:20 - /add
2023-12-18 03:18:50 DEBUG UpdateProducerImpl:20 - арбидол
2023-12-18 03:24:19 DEBUG UpdateProducerImpl:20 - /cancel
2023-12-18 03:24:49 DEBUG UpdateProducerImpl:20 - /add
2023-12-18 03:25:07 DEBUG UpdateProducerImpl:20 - арбидол
2023-12-18 03:52:27 DEBUG UpdateProducerImpl:20 - /cancel
2023-12-18 03:53:17 DEBUG UpdateProducerImpl:20 - /add
2023-12-18 03:54:13 DEBUG UpdateProducerImpl:20 - арбидол
2023-12-18 03:55:05 DEBUG UpdateProducerImpl:20 - 4
2023-12-18 03:57:17 DEBUG UpdateProducerImpl:20 - /cancel
2023-12-18 03:57:30 DEBUG UpdateProducerImpl:20 - /add
2023-12-18 03:58:08 DEBUG UpdateProducerImpl:20 - /cancel
2023-12-18 03:59:18 DEBUG UpdateProducerImpl:20 - /add
2023-12-18 03:59:34 DEBUG UpdateProducerImpl:20 - арбидол
2023-12-18 03:59:46 DEBUG UpdateProducerImpl:20 - 4
2023-12-18 04:08:20 DEBUG UpdateProducerImpl:20 - /cancel
2023-12-18 04:26:04 DEBUG UpdateProducerImpl:20 - /add
2023-12-18 04:26:26 DEBUG UpdateProducerImpl:20 - арбидол
2023-12-18 04:36:04 DEBUG UpdateProducerImpl:20 - /cancel
2023-12-18 04:36:10 DEBUG UpdateProducerImpl:20 - /add
2023-12-18 04:36:37 DEBUG UpdateProducerImpl:20 - а
2023-12-18 04:36:37 ERROR TelegramBot:53 - org.telegram.telegrambots.meta.exceptions.TelegramApiValidationException: Text parameter can't be empty in method: SendMessage(chatId=707048267, text=, parseMode=null, disableWebPagePreview=null, disableNotification=null, replyToMessageId=null, replyMarkup=null, entities=null, allowSendingWithoutReply=null, protectContent=null)
2023-12-18 04:36:54 DEBUG UpdateProducerImpl:20 - арбидол
2023-12-18 04:58:08 DEBUG UpdateProducerImpl:20 - /cancel
2023-12-18 04:58:35 DEBUG UpdateProducerImpl:20 - /add
2023-12-18 04:58:47 DEBUG UpdateProducerImpl:20 - /cancel
2023-12-18 04:58:56 DEBUG UpdateProducerImpl:20 - /registration
2023-12-18 04:59:18 DEBUG UpdateProducerImpl:20 - molalod296@avucon.com
2023-12-18 05:00:06 DEBUG UpdateProducerImpl:20 - molalod296@avucon.com
2023-12-18 05:00:09 DEBUG UpdateProducerImpl:20 - /registration
2023-12-18 05:01:11 DEBUG UpdateProducerImpl:20 - /add
2023-12-18 05:01:18 DEBUG UpdateProducerImpl:20 - а
2023-12-18 05:01:26 DEBUG UpdateProducerImpl:20 - арбидол
2023-12-18 05:01:30 DEBUG UpdateProducerImpl:20 - 4
2023-12-18 05:01:41 DEBUG UpdateProducerImpl:20 - 36737373
2023-12-18 05:02:12 DEBUG UpdateProducerImpl:20 - лададад
2023-12-18 05:02:23 DEBUG UpdateProducerImpl:20 - алалал
2023-12-18 05:03:15 DEBUG UpdateProducerImpl:20 - /add
2023-12-18 05:03:20 DEBUG UpdateProducerImpl:20 - арбидол
2023-12-18 05:03:35 DEBUG UpdateProducerImpl:20 - ф
2023-12-18 05:03:39 DEBUG UpdateProducerImpl:20 - 4
2023-12-18 05:03:43 DEBUG UpdateProducerImpl:20 - прот
2023-12-18 05:03:44 DEBUG UpdateProducerImpl:20 - осомоммо
2023-12-18 05:03:47 DEBUG UpdateProducerImpl:20 - сосна
2023-12-18 05:09:27 DEBUG UpdateProducerImpl:20 - /add
2023-12-18 05:09:41 DEBUG UpdateProducerImpl:20 - арбидол
2023-12-18 05:10:09 DEBUG UpdateProducerImpl:20 - /cancel
2023-12-18 05:11:00 DEBUG UpdateProducerImpl:20 - /add
2023-12-18 05:11:26 DEBUG UpdateProducerImpl:20 - арбидол
2023-12-18 05:11:41 DEBUG UpdateProducerImpl:20 - 4
2023-12-18 05:12:41 DEBUG UpdateProducerImpl:20 - /cancel
2023-12-18 15:39:21 DEBUG UpdateProducerImpl:20 - /start
2023-12-18 15:39:24 DEBUG UpdateProducerImpl:20 - /help
2023-12-18 15:40:18 DEBUG UpdateProducerImpl:20 - /registration
2023-12-18 15:40:21 DEBUG UpdateProducerImpl:20 - molalod296@avucon.com
2023-12-18 15:46:29 DEBUG UpdateProducerImpl:20 - /registration
2023-12-18 15:47:04 DEBUG UpdateProducerImpl:20 - molalod296@avucon.com
2023-12-18 15:49:44 DEBUG UpdateProducerImpl:20 - /registration
2023-12-18 15:50:07 DEBUG UpdateProducerImpl:20 - pomesif942@avucon.com
2023-12-18 15:56:49 DEBUG UpdateProducerImpl:20 - /registration
2023-12-18 16:00:16 DEBUG UpdateProducerImpl:20 - /registration
2023-12-18 16:00:41 DEBUG UpdateProducerImpl:20 - pomesif942@avucon.com
2023-12-18 16:03:49 DEBUG UpdateProducerImpl:20 - /registration
2023-12-18 16:04:14 DEBUG UpdateProducerImpl:20 - pomesif942@avucon.com
2023-12-18 16:06:17 DEBUG UpdateProducerImpl:20 - /cancel
2023-12-18 16:12:18 DEBUG UpdateProducerImpl:20 - /registration
2023-12-18 16:12:31 DEBUG UpdateProducerImpl:20 - pomesif942@avucon.com
2023-12-18 16:17:29 DEBUG UpdateProducerImpl:20 - pomesif942@avucon.com
2023-12-18 16:18:50 DEBUG UpdateProducerImpl:20 - pomesif942@avucon.com
2023-12-18 16:20:24 DEBUG UpdateProducerImpl:20 - pomesif942@avucon.com
2023-12-18 16:21:31 DEBUG UpdateProducerImpl:20 - pomesif942@avucon.com
2023-12-18 16:25:56 DEBUG UpdateProducerImpl:20 - pomesif942@avucon.com
2023-12-18 16:28:03 DEBUG UpdateProducerImpl:20 - pomesif942@avucon.com
2023-12-18 16:28:03 DEBUG UpdateProducerImpl:20 - pomesif942@avucon.com
2023-12-18 16:32:38 DEBUG UpdateProducerImpl:20 - pomesif942@avucon.com
2023-12-18 16:33:55 DEBUG UpdateProducerImpl:20 - pomesif942@avucon.com
2023-12-18 16:34:22 ERROR TelegramBot:53 - org.telegram.telegrambots.meta.exceptions.TelegramApiException: Unable to execute sendmessage method
2023-12-18 16:37:08 DEBUG UpdateProducerImpl:20 - /registration
2023-12-18 16:38:05 DEBUG UpdateProducerImpl:20 - /registration
2023-12-18 16:38:22 DEBUG UpdateProducerImpl:20 - pomesif942@avucon.com
2023-12-18 16:39:50 DEBUG UpdateProducerImpl:20 - /add
2023-12-18 16:39:56 DEBUG UpdateProducerImpl:20 - арбидол
2023-12-18 16:40:00 DEBUG UpdateProducerImpl:20 - 3
2023-12-18 16:40:18 DEBUG UpdateProducerImpl:20 - 02.12.2024
2023-12-18 16:48:37 DEBUG UpdateProducerImpl:20 - 09.2022
2023-12-18 16:49:06 DEBUG UpdateProducerImpl:20 - 12.2022
2023-12-18 16:49:09 DEBUG UpdateProducerImpl:20 - 22.2222
2023-12-18 16:49:34 DEBUG UpdateProducerImpl:20 - 08.2022.
2023-12-18 16:52:29 DEBUG UpdateProducerImpl:20 - 12.2022
2023-12-18 16:52:45 DEBUG UpdateProducerImpl:20 - 12.2024
2023-12-18 16:59:15 DEBUG UpdateProducerImpl:20 - 12.2000
2023-12-18 16:59:21 DEBUG UpdateProducerImpl:20 - 12.2024
2023-12-18 16:59:30 DEBUG UpdateProducerImpl:20 - два раза в день
2023-12-18 17:00:00 DEBUG UpdateProducerImpl:20 - smth
2023-12-18 17:02:46 DEBUG UpdateProducerImpl:20 - a
2023-12-18 17:04:05 DEBUG UpdateProducerImpl:20 - /add
2023-12-18 17:04:14 DEBUG UpdateProducerImpl:20 - лоратадин
2023-12-18 17:05:36 DEBUG UpdateProducerImpl:20 - 4
2023-12-18 17:05:54 DEBUG UpdateProducerImpl:20 - 13.2024
2023-12-18 17:06:18 DEBUG UpdateProducerImpl:20 - 12.2025
2023-12-18 17:06:35 DEBUG UpdateProducerImpl:20 - 5
2023-12-18 17:06:53 DEBUG UpdateProducerImpl:20 - 13.2024
2023-12-18 17:06:57 DEBUG UpdateProducerImpl:20 - 12.2025
2023-12-18 17:07:02 DEBUG UpdateProducerImpl:20 - лала
2023-12-18 17:07:06 DEBUG UpdateProducerImpl:20 - да
2023-12-18 17:07:43 DEBUG UpdateProducerImpl:20 - а
2023-12-18 17:11:39 DEBUG UpdateProducerImpl:20 - d
2023-12-18 17:12:04 DEBUG UpdateProducerImpl:20 - /add
2023-12-18 17:12:11 DEBUG UpdateProducerImpl:20 - арбидол
2023-12-18 17:12:14 DEBUG UpdateProducerImpl:20 - 30
2023-12-18 17:12:19 DEBUG UpdateProducerImpl:20 - 12.2024
2023-12-18 17:12:22 DEBUG UpdateProducerImpl:20 - утром
2023-12-18 17:12:59 DEBUG UpdateProducerImpl:20 - а
2023-12-18 18:16:45 DEBUG UpdateProducerImpl:20 - а
2023-12-18 18:16:49 DEBUG UpdateProducerImpl:20 - а
2023-12-18 18:23:47 DEBUG UpdateProducerImpl:20 - ф
2023-12-18 18:24:16 DEBUG UpdateProducerImpl:20 - /add
2023-12-18 18:24:19 DEBUG UpdateProducerImpl:20 - ааа
2023-12-18 18:24:22 DEBUG UpdateProducerImpl:20 - 2
2023-12-18 18:24:25 DEBUG UpdateProducerImpl:20 - 12.2024
2023-12-18 18:24:27 DEBUG UpdateProducerImpl:20 - ктот
2023-12-18 18:25:57 DEBUG UpdateProducerImpl:20 - 
2023-12-18 18:26:07 DEBUG UpdateProducerImpl:20 - /cancel
2023-12-18 18:26:47 DEBUG UpdateProducerImpl:20 - а
2023-12-18 18:29:36 DEBUG UpdateProducerImpl:20 - в
2023-12-18 18:29:43 DEBUG UpdateProducerImpl:20 - /add
2023-12-18 18:30:00 DEBUG UpdateProducerImpl:20 - а
2023-12-18 18:30:20 DEBUG UpdateProducerImpl:20 - /add
2023-12-18 18:30:23 DEBUG UpdateProducerImpl:20 - ар
2023-12-18 18:37:02 DEBUG UpdateProducerImpl:20 - /add
2023-12-18 18:37:10 DEBUG UpdateProducerImpl:20 - 4
2023-12-18 18:37:14 DEBUG UpdateProducerImpl:20 - 12.2024
2023-12-18 18:37:18 DEBUG UpdateProducerImpl:20 - дада
2023-12-18 18:37:32 DEBUG UpdateProducerImpl:20 - а
2023-12-20 19:29:41 DEBUG UpdateProducerImpl:20 - /registration
2023-12-20 19:29:58 DEBUG UpdateProducerImpl:20 - pomesif942@avucon.com
2023-12-20 20:03:10 DEBUG UpdateProducerImpl:20 - /add
2023-12-20 20:03:26 DEBUG UpdateProducerImpl:20 - арбидол
2023-12-20 20:03:38 DEBUG UpdateProducerImpl:20 - 4
2023-12-20 20:04:00 DEBUG UpdateProducerImpl:20 - /cancel
2023-12-20 20:29:34 DEBUG UpdateProducerImpl:20 - /add
2023-12-20 20:29:47 DEBUG UpdateProducerImpl:20 - арбидол
2023-12-20 20:30:06 DEBUG UpdateProducerImpl:20 - лала
2023-12-20 20:30:17 DEBUG UpdateProducerImpl:20 - 4
2023-12-20 20:30:26 DEBUG UpdateProducerImpl:20 - 12.2024
2023-12-20 20:30:41 DEBUG UpdateProducerImpl:20 - 2 раза в день
2023-12-20 20:30:56 DEBUG UpdateProducerImpl:20 - /photo
2023-12-20 20:31:27 DEBUG UpdateProducerImpl:20 - /uploadPhoto
2023-12-20 20:31:46 DEBUG UpdateProducerImpl:20 - 
2023-12-20 20:38:08 DEBUG UpdateProducerImpl:20 - 
2023-12-20 20:40:45 DEBUG UpdateProducerImpl:20 - 
2023-12-20 22:45:51 DEBUG UpdateProducerImpl:20 - d
2023-12-20 22:46:33 DEBUG UpdateProducerImpl:20 - /cancel
2023-12-20 22:48:06 DEBUG UpdateProducerImpl:20 - /registration
2023-12-20 22:49:23 DEBUG UpdateProducerImpl:20 - pomesif942@avucon.com
2023-12-20 22:50:04 DEBUG UpdateProducerImpl:20 - /add
2023-12-20 22:50:13 DEBUG UpdateProducerImpl:20 - арбидол
2023-12-20 22:50:15 DEBUG UpdateProducerImpl:20 - 4
2023-12-20 22:50:20 DEBUG UpdateProducerImpl:20 - 12.2024
2023-12-20 22:50:24 DEBUG UpdateProducerImpl:20 - 2 раза в день
2023-12-20 22:50:57 DEBUG UpdateProducerImpl:20 - ок
2023-12-20 22:56:15 DEBUG UpdateProducerImpl:20 - /add
2023-12-20 22:56:21 DEBUG UpdateProducerImpl:20 - арбидол
2023-12-20 22:56:30 DEBUG UpdateProducerImpl:20 - 2
2023-12-20 22:56:34 DEBUG UpdateProducerImpl:20 - 12.2024
2023-12-20 22:56:37 DEBUG UpdateProducerImpl:20 - лала
2023-12-20 22:56:39 DEBUG UpdateProducerImpl:20 - готово
2023-12-20 22:58:05 DEBUG UpdateProducerImpl:20 - /add
2023-12-20 22:58:09 DEBUG UpdateProducerImpl:20 - арбидол
2023-12-20 22:58:12 DEBUG UpdateProducerImpl:20 - 500
2023-12-20 22:58:19 DEBUG UpdateProducerImpl:20 - 12.2024
2023-12-20 22:58:23 DEBUG UpdateProducerImpl:20 - пролом
2023-12-20 22:58:25 DEBUG UpdateProducerImpl:20 - аааа
2023-12-20 22:58:27 DEBUG UpdateProducerImpl:20 - /cancel
2023-12-21 00:00:41 DEBUG UpdateProducerImpl:20 - /add
2023-12-21 00:00:50 DEBUG UpdateProducerImpl:20 - арбидол
2023-12-21 00:00:58 DEBUG UpdateProducerImpl:20 - 4
2023-12-21 00:01:14 DEBUG UpdateProducerImpl:20 - 12.02.2024
2023-12-21 00:01:20 DEBUG UpdateProducerImpl:20 - 2024-12-02
2023-12-21 00:01:24 DEBUG UpdateProducerImpl:20 - фото
2023-12-21 00:01:51 DEBUG UpdateProducerImpl:20 - 
2023-12-21 00:01:59 DEBUG UpdateProducerImpl:20 - /cancel
2023-12-21 00:02:06 DEBUG UpdateProducerImpl:20 - 
2023-12-21 00:07:01 DEBUG UpdateProducerImpl:20 - /add
2023-12-21 00:07:26 DEBUG UpdateProducerImpl:20 - супрасегментный
2023-12-21 00:07:33 DEBUG UpdateProducerImpl:20 - 20
2023-12-21 00:07:44 DEBUG UpdateProducerImpl:20 - 02.2025
2023-12-21 00:07:55 DEBUG UpdateProducerImpl:20 - да
2023-12-21 00:07:59 DEBUG UpdateProducerImpl:20 - ага
2023-12-21 00:08:16 DEBUG UpdateProducerImpl:20 - фото
2023-12-21 00:09:08 DEBUG UpdateProducerImpl:20 - /cancel
2023-12-21 00:09:47 DEBUG UpdateProducerImpl:20 - /add
2023-12-21 00:09:51 DEBUG UpdateProducerImpl:20 - дадада
2023-12-21 00:09:53 DEBUG UpdateProducerImpl:20 - 5473
2023-12-21 00:10:00 DEBUG UpdateProducerImpl:20 - 12.2035
2023-12-21 00:10:02 DEBUG UpdateProducerImpl:20 - ролла
2023-12-21 00:10:05 DEBUG UpdateProducerImpl:20 - фото
2023-12-21 00:26:25 DEBUG UpdateProducerImpl:20 - /add
2023-12-21 00:31:19 ERROR TelegramBot:53 - org.telegram.telegrambots.meta.exceptions.TelegramApiValidationException: Text parameter can't be empty in method: SendMessage(chatId=707048267, text=, parseMode=null, disableWebPagePreview=null, disableNotification=null, replyToMessageId=null, replyMarkup=null, entities=null, allowSendingWithoutReply=null, protectContent=null)
2023-12-21 00:37:01 DEBUG UpdateProducerImpl:20 - /add
2023-12-21 00:37:01 DEBUG UpdateProducerImpl:20 - /add
2023-12-21 00:37:01 DEBUG UpdateProducerImpl:20 - /add
2023-12-21 00:37:01 DEBUG UpdateProducerImpl:20 - /add
2023-12-21 00:37:01 DEBUG UpdateProducerImpl:20 - /add
2023-12-21 00:37:02 ERROR TelegramBot:53 - org.telegram.telegrambots.meta.exceptions.TelegramApiValidationException: Text parameter can't be empty in method: SendMessage(chatId=707048267, text=, parseMode=null, disableWebPagePreview=null, disableNotification=null, replyToMessageId=null, replyMarkup=null, entities=null, allowSendingWithoutReply=null, protectContent=null)
2023-12-21 00:37:02 ERROR TelegramBot:53 - org.telegram.telegrambots.meta.exceptions.TelegramApiValidationException: Text parameter can't be empty in method: SendMessage(chatId=707048267, text=, parseMode=null, disableWebPagePreview=null, disableNotification=null, replyToMessageId=null, replyMarkup=null, entities=null, allowSendingWithoutReply=null, protectContent=null)
2023-12-21 00:37:02 ERROR TelegramBot:53 - org.telegram.telegrambots.meta.exceptions.TelegramApiValidationException: Text parameter can't be empty in method: SendMessage(chatId=707048267, text=, parseMode=null, disableWebPagePreview=null, disableNotification=null, replyToMessageId=null, replyMarkup=null, entities=null, allowSendingWithoutReply=null, protectContent=null)
2023-12-21 00:37:02 ERROR TelegramBot:53 - org.telegram.telegrambots.meta.exceptions.TelegramApiValidationException: Text parameter can't be empty in method: SendMessage(chatId=707048267, text=, parseMode=null, disableWebPagePreview=null, disableNotification=null, replyToMessageId=null, replyMarkup=null, entities=null, allowSendingWithoutReply=null, protectContent=null)
2023-12-21 00:37:02 ERROR TelegramBot:53 - org.telegram.telegrambots.meta.exceptions.TelegramApiValidationException: Text parameter can't be empty in method: SendMessage(chatId=707048267, text=, parseMode=null, disableWebPagePreview=null, disableNotification=null, replyToMessageId=null, replyMarkup=null, entities=null, allowSendingWithoutReply=null, protectContent=null)
2023-12-21 00:37:05 DEBUG UpdateProducerImpl:20 - /add
2023-12-21 00:37:05 ERROR TelegramBot:53 - org.telegram.telegrambots.meta.exceptions.TelegramApiValidationException: Text parameter can't be empty in method: SendMessage(chatId=707048267, text=, parseMode=null, disableWebPagePreview=null, disableNotification=null, replyToMessageId=null, replyMarkup=null, entities=null, allowSendingWithoutReply=null, protectContent=null)
2023-12-21 00:37:12 DEBUG UpdateProducerImpl:20 - а
2023-12-21 00:37:12 ERROR TelegramBot:53 - org.telegram.telegrambots.meta.exceptions.TelegramApiValidationException: Text parameter can't be empty in method: SendMessage(chatId=707048267, text=, parseMode=null, disableWebPagePreview=null, disableNotification=null, replyToMessageId=null, replyMarkup=null, entities=null, allowSendingWithoutReply=null, protectContent=null)
2023-12-21 00:39:21 DEBUG UpdateProducerImpl:20 - /add
2023-12-21 00:39:31 DEBUG UpdateProducerImpl:20 - что-то
2023-12-21 00:39:42 DEBUG UpdateProducerImpl:20 - 2
2023-12-21 00:39:52 DEBUG UpdateProducerImpl:20 - 2025-02-14
2023-12-21 00:39:56 DEBUG UpdateProducerImpl:20 - лала
2023-12-21 00:39:58 DEBUG UpdateProducerImpl:20 - фото
2023-12-21 00:41:16 DEBUG UpdateProducerImpl:20 - /add
2023-12-21 00:54:25 DEBUG UpdateProducerImpl:20 - /cancel
2023-12-21 00:54:50 DEBUG UpdateProducerImpl:20 - /registration
2023-12-21 00:56:05 DEBUG UpdateProducerImpl:20 - pomesif942@avucon.com
2023-12-21 00:56:25 DEBUG UpdateProducerImpl:20 - /add
2023-12-21 00:56:34 DEBUG UpdateProducerImpl:20 - да
2023-12-21 00:56:42 DEBUG UpdateProducerImpl:20 - 4
2023-12-21 00:56:51 DEBUG UpdateProducerImpl:20 - 12.2025
2023-12-21 00:56:55 DEBUG UpdateProducerImpl:20 - да
2023-12-21 00:59:38 DEBUG UpdateProducerImpl:20 - /cancel
2023-12-21 00:59:44 DEBUG UpdateProducerImpl:20 - /add
2023-12-21 00:59:48 DEBUG UpdateProducerImpl:20 - да
2023-12-21 00:59:49 DEBUG UpdateProducerImpl:20 - 4
2023-12-21 01:00:02 DEBUG UpdateProducerImpl:20 - 12.2025
2023-12-21 01:00:06 DEBUG UpdateProducerImpl:20 - лада
2023-12-21 01:00:23 DEBUG UpdateProducerImpl:20 - а
2023-12-21 01:00:35 DEBUG UpdateProducerImpl:20 - /help
2023-12-21 01:05:23 DEBUG UpdateProducerImpl:20 - /add
2023-12-21 01:05:35 DEBUG UpdateProducerImpl:20 - арбидол
2023-12-21 01:05:40 DEBUG UpdateProducerImpl:20 - 4
2023-12-21 01:05:46 DEBUG UpdateProducerImpl:20 - 12.2025
2023-12-21 01:05:51 DEBUG UpdateProducerImpl:20 - да
2023-12-21 01:54:26 DEBUG UpdateProducerImpl:20 - /add
2023-12-21 01:54:34 DEBUG UpdateProducerImpl:20 - арбидол
2023-12-21 01:54:39 DEBUG UpdateProducerImpl:20 - 4
2023-12-21 01:54:46 DEBUG UpdateProducerImpl:20 - 12.2024
2023-12-21 01:54:51 DEBUG UpdateProducerImpl:20 - лала
2023-12-21 02:09:28 DEBUG UpdateProducerImpl:20 - /add
2023-12-21 02:09:45 DEBUG UpdateProducerImpl:20 - арбидол; 4; 12.2024; 2 раза в день
2023-12-21 02:09:54 DEBUG UpdateProducerImpl:20 - арбидол; 4; 12.2024; 2 раза в день;
2023-12-21 02:11:44 DEBUG UpdateProducerImpl:20 - арбидол; 4; 12.2024; 2 раза в день
2023-12-21 02:13:35 DEBUG UpdateProducerImpl:20 - /registration
2023-12-21 02:14:50 DEBUG UpdateProducerImpl:20 - pomesif942@avucon.com
2023-12-21 02:20:49 DEBUG UpdateProducerImpl:20 - /add
2023-12-21 02:20:57 DEBUG UpdateProducerImpl:20 - арбидол; 4; 12.2024; 2 раза в день
2023-12-21 02:24:05 DEBUG UpdateProducerImpl:20 - арбидол; 4; 12.2024; 2 раза в день
2023-12-21 02:31:22 DEBUG UpdateProducerImpl:20 - арбидол; 4; 2 раза в день
2023-12-21 02:33:09 DEBUG UpdateProducerImpl:20 - /add
2023-12-21 02:33:28 DEBUG UpdateProducerImpl:20 - валидол; 5; 2 раза в день
2023-12-21 03:03:20 DEBUG UpdateProducerImpl:20 - /add
2023-12-21 03:03:26 DEBUG UpdateProducerImpl:20 - арбидол
2023-12-21 03:03:32 DEBUG UpdateProducerImpl:20 - 4
2023-12-21 03:03:39 DEBUG UpdateProducerImpl:20 - 12.2003
2023-12-21 03:04:32 DEBUG UpdateProducerImpl:20 - /cancel
2023-12-21 03:04:42 DEBUG UpdateProducerImpl:20 - /add
2023-12-21 03:04:50 DEBUG UpdateProducerImpl:20 - арбидол
2023-12-21 03:04:52 DEBUG UpdateProducerImpl:20 - 4
2023-12-21 03:04:55 DEBUG UpdateProducerImpl:20 - 12.2024
2023-12-21 03:04:58 DEBUG UpdateProducerImpl:20 - да
2023-12-21 03:07:22 DEBUG UpdateProducerImpl:20 - /add
2023-12-21 03:07:28 DEBUG UpdateProducerImpl:20 - рби
2023-12-21 03:07:31 DEBUG UpdateProducerImpl:20 - п
2023-12-21 03:07:40 DEBUG UpdateProducerImpl:20 - п
2023-12-21 03:07:45 DEBUG UpdateProducerImpl:20 - 5
2023-12-21 03:07:48 DEBUG UpdateProducerImpl:20 - );₽;₽;
2023-12-21 03:07:50 DEBUG UpdateProducerImpl:20 - ₽;₽;7;
2023-12-21 03:07:56 DEBUG UpdateProducerImpl:20 - 12.2025
2023-12-21 03:07:58 DEBUG UpdateProducerImpl:20 - лалалад
2023-12-21 03:21:38 DEBUG UpdateProducerImpl:20 - /add
2023-12-21 03:21:43 DEBUG UpdateProducerImpl:20 - арбидол
2023-12-21 03:21:47 DEBUG UpdateProducerImpl:20 - 4
2023-12-21 03:21:53 DEBUG UpdateProducerImpl:20 - 12.2024
2023-12-21 03:21:56 DEBUG UpdateProducerImpl:20 - дада
2023-12-21 03:27:02 DEBUG UpdateProducerImpl:20 - /add
2023-12-21 03:27:07 DEBUG UpdateProducerImpl:20 - арбидол
2023-12-21 03:27:27 DEBUG UpdateProducerImpl:20 - /cancel
2023-12-21 03:27:34 DEBUG UpdateProducerImpl:20 - /add
2023-12-21 03:27:38 DEBUG UpdateProducerImpl:20 - арбидол
2023-12-21 03:27:43 DEBUG UpdateProducerImpl:20 - молодец
2023-12-21 03:27:46 DEBUG UpdateProducerImpl:20 - 53637
2023-12-21 03:27:54 DEBUG UpdateProducerImpl:20 - 11.2023
2023-12-21 03:28:02 DEBUG UpdateProducerImpl:20 - 11.2024
2023-12-21 03:28:06 DEBUG UpdateProducerImpl:20 - дадада
2023-12-21 03:39:02 DEBUG UpdateProducerImpl:20 - /add
2023-12-21 03:39:14 DEBUG UpdateProducerImpl:20 - супрастин
2023-12-21 03:39:20 DEBUG UpdateProducerImpl:20 - 50
2023-12-21 03:39:27 DEBUG UpdateProducerImpl:20 - 09.2028
2023-12-21 03:39:33 DEBUG UpdateProducerImpl:20 - от аллергии
2023-12-21 03:39:46 DEBUG UpdateProducerImpl:20 - 
2023-12-21 03:40:30 DEBUG UpdateProducerImpl:20 - 
2023-12-21 03:40:48 DEBUG UpdateProducerImpl:20 - 
2023-12-21 03:42:17 DEBUG UpdateProducerImpl:20 - /add
2023-12-21 03:42:22 DEBUG UpdateProducerImpl:20 - ddd
2023-12-21 03:42:23 DEBUG UpdateProducerImpl:20 - 5
2023-12-21 03:42:31 DEBUG UpdateProducerImpl:20 - 04.2025
2023-12-21 03:42:34 DEBUG UpdateProducerImpl:20 - ddd
2023-12-21 03:42:41 DEBUG UpdateProducerImpl:20 - 
2023-12-21 03:56:17 DEBUG UpdateProducerImpl:20 - /info
2023-12-21 04:07:13 DEBUG UpdateProducerImpl:20 - /help
2023-12-21 04:07:17 DEBUG UpdateProducerImpl:20 - /info
2023-12-21 04:07:18 DEBUG UpdateProducerImpl:20 - /delete
2023-12-21 04:07:25 DEBUG UpdateProducerImpl:20 - арбидол
2023-12-21 04:07:29 DEBUG UpdateProducerImpl:20 - /info
2023-12-21 04:07:32 DEBUG UpdateProducerImpl:20 - /delete
2023-12-21 04:07:38 DEBUG UpdateProducerImpl:20 - супрастин
2023-12-21 04:10:02 DEBUG UpdateProducerImpl:20 - /info
2023-12-21 04:10:27 DEBUG UpdateProducerImpl:20 - /cancel
2023-12-21 04:10:30 DEBUG UpdateProducerImpl:20 - /info
2023-12-21 04:10:32 DEBUG UpdateProducerImpl:20 - /delete
2023-12-21 04:10:35 DEBUG UpdateProducerImpl:20 - а
2023-12-21 04:10:42 DEBUG UpdateProducerImpl:20 - /cancel
2023-12-21 04:10:48 DEBUG UpdateProducerImpl:20 - /add
2023-12-21 04:10:52 DEBUG UpdateProducerImpl:20 - арбидол
2023-12-21 04:10:54 DEBUG UpdateProducerImpl:20 - 20
2023-12-21 04:11:00 DEBUG UpdateProducerImpl:20 - 12.2024
2023-12-21 04:11:06 DEBUG UpdateProducerImpl:20 - 3 раза в день
2023-12-21 04:11:39 DEBUG UpdateProducerImpl:20 - 
2023-12-21 04:12:08 DEBUG UpdateProducerImpl:20 - 
2023-12-21 04:12:36 DEBUG UpdateProducerImpl:20 - /add
2023-12-21 04:12:44 DEBUG UpdateProducerImpl:20 - супрастин
2023-12-21 04:12:46 DEBUG UpdateProducerImpl:20 - 56
2023-12-21 04:12:52 DEBUG UpdateProducerImpl:20 - 07.2025
2023-12-21 04:12:57 DEBUG UpdateProducerImpl:20 - от аллергии
2023-12-21 04:13:14 DEBUG UpdateProducerImpl:20 - 
2023-12-21 04:14:02 DEBUG UpdateProducerImpl:20 - /info
2023-12-21 04:46:47 DEBUG UpdateProducerImpl:20 - /info
2023-12-21 04:47:00 DEBUG UpdateProducerImpl:20 - /help
2023-12-21 04:47:04 DEBUG UpdateProducerImpl:20 - /take
2023-12-21 04:48:04 DEBUG UpdateProducerImpl:20 - /cancel
2023-12-21 04:48:07 DEBUG UpdateProducerImpl:20 - /info
2023-12-21 04:48:10 DEBUG UpdateProducerImpl:20 - /take
2023-12-21 04:48:19 DEBUG UpdateProducerImpl:20 - арбидол 10
2023-12-21 04:48:25 DEBUG UpdateProducerImpl:20 - /info
2023-12-21 04:48:33 DEBUG UpdateProducerImpl:20 - арбидол 12
2023-12-21 04:48:37 DEBUG UpdateProducerImpl:20 - /help
2023-12-21 04:48:42 DEBUG UpdateProducerImpl:20 - /take
2023-12-21 04:48:47 DEBUG UpdateProducerImpl:20 - арбидол 12
2023-12-21 04:48:53 DEBUG UpdateProducerImpl:20 - арбидол 10
2023-12-21 04:49:01 DEBUG UpdateProducerImpl:20 - /info
2023-12-21 04:52:49 DEBUG UpdateProducerImpl:20 - /info
2023-12-21 04:52:53 DEBUG UpdateProducerImpl:20 - /add
2023-12-21 04:52:58 DEBUG UpdateProducerImpl:20 - арбидол
2023-12-21 04:53:04 DEBUG UpdateProducerImpl:20 - 20
2023-12-21 04:53:07 DEBUG UpdateProducerImpl:20 - 12.2024
2023-12-21 04:53:12 DEBUG UpdateProducerImpl:20 - от простуды
2023-12-21 04:53:23 DEBUG UpdateProducerImpl:20 - 
2023-12-21 04:53:45 DEBUG UpdateProducerImpl:20 - 
2023-12-21 04:54:49 DEBUG UpdateProducerImpl:20 - /info
2023-12-21 04:54:54 DEBUG UpdateProducerImpl:20 - /add
2023-12-21 04:54:58 DEBUG UpdateProducerImpl:20 - арбидол
2023-12-21 04:55:00 DEBUG UpdateProducerImpl:20 - 20
2023-12-21 04:55:03 DEBUG UpdateProducerImpl:20 - 12.2024
2023-12-21 04:55:11 DEBUG UpdateProducerImpl:20 - от кашля
2023-12-21 04:55:14 DEBUG UpdateProducerImpl:20 - 
2023-12-21 04:55:17 DEBUG UpdateProducerImpl:20 - 
2023-12-21 04:59:54 DEBUG UpdateProducerImpl:20 - /info
2023-12-21 05:00:07 DEBUG UpdateProducerImpl:20 - /add
2023-12-21 05:00:13 DEBUG UpdateProducerImpl:20 - арбидол
2023-12-21 05:00:16 DEBUG UpdateProducerImpl:20 - 20
2023-12-21 05:00:19 DEBUG UpdateProducerImpl:20 - 12.2024
2023-12-21 05:00:27 DEBUG UpdateProducerImpl:20 - профилактика гриппа
2023-12-21 05:00:32 DEBUG UpdateProducerImpl:20 - 
2023-12-21 05:00:37 DEBUG UpdateProducerImpl:20 - 
2023-12-21 05:01:04 DEBUG UpdateProducerImpl:20 - 
2023-12-21 05:14:19 DEBUG UpdateProducerImpl:20 - /info
2023-12-21 21:37:58 DEBUG UpdateProducerImpl:20 - /help
2023-12-21 21:38:06 DEBUG UpdateProducerImpl:20 - /allinfo
2023-12-21 21:38:08 DEBUG UpdateProducerImpl:20 - /info
2023-12-21 21:38:14 DEBUG UpdateProducerImpl:20 - да 1
2023-12-21 21:38:25 DEBUG UpdateProducerImpl:20 - да, 1
2023-12-21 21:38:27 DEBUG UpdateProducerImpl:20 - /cancel
2023-12-21 21:38:38 DEBUG UpdateProducerImpl:20 - /add
2023-12-21 21:38:43 DEBUG UpdateProducerImpl:20 - арбидол
2023-12-21 21:38:45 DEBUG UpdateProducerImpl:20 - 4
2023-12-21 21:38:49 DEBUG UpdateProducerImpl:20 - 12.2025
2023-12-21 21:38:55 DEBUG UpdateProducerImpl:20 - от простуды
2023-12-21 21:39:12 DEBUG UpdateProducerImpl:20 - 
2023-12-21 21:41:13 DEBUG UpdateProducerImpl:20 - /help
2023-12-21 21:41:17 DEBUG UpdateProducerImpl:20 - /allinfo
2023-12-21 21:41:22 DEBUG UpdateProducerImpl:20 - /info
2023-12-21 21:41:34 DEBUG UpdateProducerImpl:20 - арбидол, 2
2023-12-21 21:43:00 DEBUG UpdateProducerImpl:20 - /showExpiringSoon
2023-12-21 21:45:44 DEBUG UpdateProducerImpl:20 - /take
2023-12-21 21:45:55 DEBUG UpdateProducerImpl:20 - арбидол, 2
2023-12-21 21:46:05 DEBUG UpdateProducerImpl:20 - /cancel
2023-12-21 21:46:09 DEBUG UpdateProducerImpl:20 - /info
2023-12-21 21:46:13 DEBUG UpdateProducerImpl:20 - /cancel
2023-12-21 21:46:16 DEBUG UpdateProducerImpl:20 - /allinfo
2023-12-21 21:46:23 DEBUG UpdateProducerImpl:20 - /take
2023-12-21 21:46:40 DEBUG UpdateProducerImpl:20 - арбидол 3
2023-12-21 21:46:43 DEBUG UpdateProducerImpl:20 - /allinfo
2023-12-21 21:46:47 DEBUG UpdateProducerImpl:20 - /take
2023-12-21 21:46:52 DEBUG UpdateProducerImpl:20 - арбидол 1
2023-12-21 21:46:57 DEBUG UpdateProducerImpl:20 - /allinfo
2023-12-21 21:47:13 DEBUG UpdateProducerImpl:20 - /help
2023-12-21 21:47:24 DEBUG UpdateProducerImpl:20 - /cancel
2023-12-21 21:47:28 DEBUG UpdateProducerImpl:20 - /registration
2023-12-21 21:47:43 DEBUG UpdateProducerImpl:20 - /add
2023-12-21 21:47:48 DEBUG UpdateProducerImpl:20 - супрастин
2023-12-21 21:47:50 DEBUG UpdateProducerImpl:20 - 24
2023-12-21 21:47:56 DEBUG UpdateProducerImpl:20 - 01.2024
2023-12-21 21:48:10 DEBUG UpdateProducerImpl:20 - от аллергии
2023-12-21 21:48:16 DEBUG UpdateProducerImpl:20 - 
2023-12-21 21:48:23 DEBUG UpdateProducerImpl:20 - /add
2023-12-21 21:48:44 DEBUG UpdateProducerImpl:20 - арбидол
2023-12-21 21:48:47 DEBUG UpdateProducerImpl:20 - 20
2023-12-21 21:49:02 DEBUG UpdateProducerImpl:20 - 01.2024
2023-12-21 21:49:05 DEBUG UpdateProducerImpl:20 - да
2023-12-21 21:49:14 DEBUG UpdateProducerImpl:20 - 
2023-12-21 21:49:36 DEBUG UpdateProducerImpl:20 - /allinfo
2023-12-21 21:49:43 DEBUG UpdateProducerImpl:20 - /help
2023-12-21 21:49:48 DEBUG UpdateProducerImpl:20 - /showExpiringSoon
2023-12-21 21:51:59 DEBUG UpdateProducerImpl:20 - /delete
2023-12-21 21:52:05 DEBUG UpdateProducerImpl:20 - супрастин
2023-12-21 21:52:09 DEBUG UpdateProducerImpl:20 - /showExpiringSoon
2023-12-21 21:52:13 DEBUG UpdateProducerImpl:20 - /info
2023-12-21 21:52:23 DEBUG UpdateProducerImpl:20 - арбидол, 4
2023-12-21 21:52:58 DEBUG UpdateProducerImpl:20 - /info
2023-12-21 21:53:11 DEBUG UpdateProducerImpl:20 - арбидол, 2
2023-12-21 21:53:19 DEBUG UpdateProducerImpl:20 - арбидол, 3
2023-12-21 21:58:48 DEBUG UpdateProducerImpl:20 - /help
2023-12-21 21:59:15 DEBUG UpdateProducerImpl:20 - /allinfo
2023-12-21 22:00:02 DEBUG UpdateProducerImpl:20 - /add
2023-12-21 22:00:20 DEBUG UpdateProducerImpl:20 - /add
2023-12-21 22:00:29 DEBUG UpdateProducerImpl:20 - /cancel
2023-12-21 22:02:05 DEBUG UpdateProducerImpl:20 - /allinfo
2023-12-21 22:10:04 DEBUG UpdateProducerImpl:20 - /start
2023-12-21 22:20:20 DEBUG UpdateProducerImpl:20 - /start
2023-12-21 22:23:06 DEBUG UpdateProducerImpl:20 - /start
2023-12-21 22:23:10 DEBUG UpdateProducerImpl:20 - /help
2023-12-21 22:23:20 DEBUG UpdateProducerImpl:20 - /registration
2023-12-21 22:41:24 ERROR UpdateController:48 - Unsupported message type is received Update(updateId=800681272, message=null, inlineQuery=null, chosenInlineQuery=null, callbackQuery=null, editedMessage=null, channelPost=null, editedChannelPost=null, shippingQuery=null, preCheckoutQuery=null, poll=null, pollAnswer=null, myChatMember=ChatMemberUpdated(chat=Chat(id=707048267, type=private, title=null, firstName=Albina, lastName=null, userName=olbenka, photo=null, description=null, inviteLink=null, pinnedMessage=null, stickerSetName=null, canSetStickerSet=null, permissions=null, slowModeDelay=null, bio=null, linkedChatId=null, location=null, messageAutoDeleteTime=null, hasPrivateForwards=null, HasProtectedContent=null, joinToSendMessages=null, joinByRequest=null), from=User(id=707048267, firstName=Albina, isBot=false, lastName=null, userName=olbenka, languageCode=ru, canJoinGroups=null, canReadAllGroupMessages=null, supportInlineQueries=null, isPremium=null, addedToAttachmentMenu=null), date=1703187634, oldChatMember=ChatMemberMember(status=member, user=User(id=6718910663, firstName=Аптечка, isBot=true, lastName=null, userName=firstAidKitInfoBot, languageCode=null, canJoinGroups=null, canReadAllGroupMessages=null, supportInlineQueries=null, isPremium=null, addedToAttachmentMenu=null)), newChatMember=ChatMemberBanned(status=kicked, user=User(id=6718910663, firstName=Аптечка, isBot=true, lastName=null, userName=firstAidKitInfoBot, languageCode=null, canJoinGroups=null, canReadAllGroupMessages=null, supportInlineQueries=null, isPremium=null, addedToAttachmentMenu=null), untilDate=0), inviteLink=null), chatMember=null, chatJoinRequest=null)
2023-12-21 22:41:24 ERROR UpdateController:48 - Unsupported message type is received Update(updateId=800681273, message=null, inlineQuery=null, chosenInlineQuery=null, callbackQuery=null, editedMessage=null, channelPost=null, editedChannelPost=null, shippingQuery=null, preCheckoutQuery=null, poll=null, pollAnswer=null, myChatMember=ChatMemberUpdated(chat=Chat(id=707048267, type=private, title=null, firstName=Albina, lastName=null, userName=olbenka, photo=null, description=null, inviteLink=null, pinnedMessage=null, stickerSetName=null, canSetStickerSet=null, permissions=null, slowModeDelay=null, bio=null, linkedChatId=null, location=null, messageAutoDeleteTime=null, hasPrivateForwards=null, HasProtectedContent=null, joinToSendMessages=null, joinByRequest=null), from=User(id=707048267, firstName=Albina, isBot=false, lastName=null, userName=olbenka, languageCode=ru, canJoinGroups=null, canReadAllGroupMessages=null, supportInlineQueries=null, isPremium=null, addedToAttachmentMenu=null), date=1703187645, oldChatMember=ChatMemberBanned(status=kicked, user=User(id=6718910663, firstName=Аптечка, isBot=true, lastName=null, userName=firstAidKitInfoBot, languageCode=null, canJoinGroups=null, canReadAllGroupMessages=null, supportInlineQueries=null, isPremium=null, addedToAttachmentMenu=null), untilDate=0), newChatMember=ChatMemberMember(status=member, user=User(id=6718910663, firstName=Аптечка, isBot=true, lastName=null, userName=firstAidKitInfoBot, languageCode=null, canJoinGroups=null, canReadAllGroupMessages=null, supportInlineQueries=null, isPremium=null, addedToAttachmentMenu=null)), inviteLink=null), chatMember=null, chatJoinRequest=null)
2023-12-21 22:41:24 DEBUG UpdateProducerImpl:20 - /start
2023-12-21 22:41:24 DEBUG UpdateProducerImpl:20 - /start
2023-12-21 22:59:59 DEBUG UpdateProducerImpl:20 - /start
2023-12-21 23:00:04 DEBUG UpdateProducerImpl:20 - /registration
2023-12-21 23:00:09 DEBUG UpdateProducerImpl:20 - /add
2023-12-21 23:00:18 DEBUG UpdateProducerImpl:20 - /cancel
2023-12-21 23:07:00 DEBUG UpdateProducerImpl:20 - /info
2023-12-21 23:07:09 DEBUG UpdateProducerImpl:20 - 1
2023-12-21 23:13:37 DEBUG UpdateProducerImpl:20 - /cancel
2023-12-21 23:13:49 DEBUG UpdateProducerImpl:20 - /allinfo
2023-12-21 23:14:00 DEBUG UpdateProducerImpl:20 - /take
2023-12-21 23:14:09 DEBUG UpdateProducerImpl:20 - арбидол 5
2023-12-21 23:14:15 DEBUG UpdateProducerImpl:20 - /allinfo
